<?xml version="1.0" encoding="UTF-8"?>
<!-- Generated by org.testng.reporters.JUnitReportReporter -->
<testsuite hostname="LAPTOP2-Shahadat" failures="0" tests="1" name="testCases.TC_002_Login" time="1.861" errors="0" timestamp="2022-12-31T09:26:37 IST" skipped="0">
  <testcase classname="testCases.TC_002_Login" name="test_Login" time="1.861"/>
  <system-out/>
</testsuite> <!-- testCases.TC_002_Login -->
